<?xml version="1.0" encoding="UTF-8"?>
<testsuite xmlns:xsi="http://www.w3.org/2001/XMLSchema-instance" xsi:noNamespaceSchemaLocation="https://maven.apache.org/surefire/maven-surefire-plugin/xsd/surefire-test-report-3.0.xsd" version="3.0" name="model.DiceModelTest" time="0.208" tests="17" errors="0" skipped="0" failures="0">
  <properties>
[...]
</properties>
  <testcase name="testEvaluateGameResultMessage(int, int, int, int, int, String)[1]" classname="model.DiceModelTest" time="0.067"/>
  <testcase name="testEvaluateGameResultMessage(int, int, int, int, int, String)[2]" classname="model.DiceModelTest" time="0.002"/>
  <testcase name="testEvaluateGameResultMessage(int, int, int, int, int, String)[3]" classname="model.DiceModelTest" time="0.002"/>
  <testcase name="testEvaluateGameResultMessage(int, int, int, int, int, String)[4]" classname="model.DiceModelTest" time="0.002"/>
  <testcase name="testEvaluateGameResultMessage(int, int, int, int, int, String)[5]" classname="model.DiceModelTest" time="0.002"/>
  <testcase name="testEvaluateGameResultMessage(int, int, int, int, int, String)[6]" classname="model.DiceModelTest" time="0.002"/>
  <testcase name="testEvaluateGameResultMessage(int, int, int, int, int, String)[7]" classname="model.DiceModelTest" time="0.003"/>
  <testcase name="testProcessGameResultsInvalidSize(List)[1]" classname="model.DiceModelTest" time="0.003"/>
  <testcase name="testProcessGameResultsInvalidSize(List)[2]" classname="model.DiceModelTest" time="0.001"/>
  <testcase name="testProcessGameResultsInvalidSize(List)[3]" classname="model.DiceModelTest" time="0.001"/>
  <testcase name="testProcessGameResultsInvalidRange(List)[1]" classname="model.DiceModelTest" time="0.001"/>
  <testcase name="testProcessGameResultsInvalidRange(List)[2]" classname="model.DiceModelTest" time="0.001"/>
  <testcase name="testProcessGameResultsInvalidRange(List)[3]" classname="model.DiceModelTest" time="0.001"/>
  <testcase name="testProcessGameResultsValid(List)[1]" classname="model.DiceModelTest" time="0.003"/>
  <testcase name="testProcessGameResultsValid(List)[2]" classname="model.DiceModelTest" time="0.001"/>
  <testcase name="testProcessGameResultsValid(List)[3]" classname="model.DiceModelTest" time="0.001"/>
  <testcase name="testProcessGameResultsWithNull(List)[1]" classname="model.DiceModelTest" time="0.002"/>
</testsuite>